The system is: Windows - 10.0.18363 - AMD64
Compiling the C compiler identification source file "CMakeCCompilerId.c" succeeded.
Compiler:  
Build flags: 
Id flags:  

The output was:
0
用于 .NET Framework 的 Microsoft (R) 生成引擎版本 16.10.2+857e5a733
版权所有(C) Microsoft Corporation。保留所有权利。

生成启动时间为 2022/1/20 0:09:47。
节点 1 上的项目“D:\Coding\CG\Assignment7\Code\build\CMakeFiles\3.22.1\CompilerIdC\CompilerIdC.vcxproj”(默认目标)。
PrepareForBuild:
  正在创建目录“Debug\”。
  正在创建目录“Debug\CompilerIdC.tlog\”。
InitializeBuildStatus:
  正在创建“Debug\CompilerIdC.tlog\unsuccessfulbuild”，因为已指定“AlwaysCreate”。
ClCompile:
  F:\Visual Studio\VC\Tools\MSVC\14.29.30037\bin\HostX64\x64\CL.exe /c /nologo /W0 /WX- /diagnostics:column /Od /D _MBCS /Gm- /EHsc /RTC1 /MDd /GS /fp:precise /Zc:wchar_t /Zc:forScope /Zc:inline /Fo"Debug\\" /Fd"Debug\vc142.pdb" /external:env:EXTERNAL_INCLUDE /external:W0 /Gd /TC /FC /errorReport:queue CMakeCCompilerId.c
  CMakeCCompilerId.c
Link:
  F:\Visual Studio\VC\Tools\MSVC\14.29.30037\bin\HostX64\x64\link.exe /ERRORREPORT:QUEUE /OUT:".\CompilerIdC.exe" /INCREMENTAL:NO /NOLOGO kernel32.lib user32.lib gdi32.lib winspool.lib comdlg32.lib advapi32.lib shell32.lib ole32.lib oleaut32.lib uuid.lib odbc32.lib odbccp32.lib /MANIFEST /MANIFESTUAC:"level='asInvoker' uiAccess='false'" /manifest:embed /PDB:".\CompilerIdC.pdb" /SUBSYSTEM:CONSOLE /TLBID:1 /DYNAMICBASE /NXCOMPAT /IMPLIB:".\CompilerIdC.lib" /MACHINE:X64 Debug\CMakeCCompilerId.obj
  CompilerIdC.vcxproj -> D:\Coding\CG\Assignment7\Code\build\CMakeFiles\3.22.1\CompilerIdC\CompilerIdC.exe
PostBuildEvent:
  for %%i in (cl.exe) do @echo CMAKE_C_COMPILER=%%~$PATH:i
  :VCEnd
  CMAKE_C_COMPILER=F:\Visual Studio\VC\Tools\MSVC\14.29.30037\bin\Hostx64\x64\cl.exe
FinalizeBuildStatus:
  正在删除文件“Debug\CompilerIdC.tlog\unsuccessfulbuild”。
  正在对“Debug\CompilerIdC.tlog\CompilerIdC.lastbuildstate”执行 Touch 任务。
已完成生成项目“D:\Coding\CG\Assignment7\Code\build\CMakeFiles\3.22.1\CompilerIdC\CompilerIdC.vcxproj”(默认目标)的操作。

已成功生成。
    0 个警告
    0 个错误

已用时间 00:00:04.63


Compilation of the C compiler identification source "CMakeCCompilerId.c" produced "CompilerIdC.exe"

Compilation of the C compiler identification source "CMakeCCompilerId.c" produced "CompilerIdC.vcxproj"

The C compiler identification is MSVC, found in "D:/Coding/CG/Assignment7/Code/build/CMakeFiles/3.22.1/CompilerIdC/CompilerIdC.exe"

Compiling the CXX compiler identification source file "CMakeCXXCompilerId.cpp" succeeded.
Compiler:  
Build flags: 
Id flags:  

The output was:
0
用于 .NET Framework 的 Microsoft (R) 生成引擎版本 16.10.2+857e5a733
版权所有(C) Microsoft Corporation。保留所有权利。

生成启动时间为 2022/1/20 0:09:52。
节点 1 上的项目“D:\Coding\CG\Assignment7\Code\build\CMakeFiles\3.22.1\CompilerIdCXX\CompilerIdCXX.vcxproj”(默认目标)。
PrepareForBuild:
  正在创建目录“Debug\”。
  正在创建目录“Debug\CompilerIdCXX.tlog\”。
InitializeBuildStatus:
  正在创建“Debug\CompilerIdCXX.tlog\unsuccessfulbuild”，因为已指定“AlwaysCreate”。
ClCompile:
  F:\Visual Studio\VC\Tools\MSVC\14.29.30037\bin\HostX64\x64\CL.exe /c /nologo /W0 /WX- /diagnostics:column /Od /D _MBCS /Gm- /EHsc /RTC1 /MDd /GS /fp:precise /Zc:wchar_t /Zc:forScope /Zc:inline /Fo"Debug\\" /Fd"Debug\vc142.pdb" /external:env:EXTERNAL_INCLUDE /external:W0 /Gd /TP /FC /errorReport:queue CMakeCXXCompilerId.cpp
  CMakeCXXCompilerId.cpp
Link:
  F:\Visual Studio\VC\Tools\MSVC\14.29.30037\bin\HostX64\x64\link.exe /ERRORREPORT:QUEUE /OUT:".\CompilerIdCXX.exe" /INCREMENTAL:NO /NOLOGO kernel32.lib user32.lib gdi32.lib winspool.lib comdlg32.lib advapi32.lib shell32.lib ole32.lib oleaut32.lib uuid.lib odbc32.lib odbccp32.lib /MANIFEST /MANIFESTUAC:"level='asInvoker' uiAccess='false'" /manifest:embed /PDB:".\CompilerIdCXX.pdb" /SUBSYSTEM:CONSOLE /TLBID:1 /DYNAMICBASE /NXCOMPAT /IMPLIB:".\CompilerIdCXX.lib" /MACHINE:X64 Debug\CMakeCXXCompilerId.obj
  CompilerIdCXX.vcxproj -> D:\Coding\CG\Assignment7\Code\build\CMakeFiles\3.22.1\CompilerIdCXX\CompilerIdCXX.exe
PostBuildEvent:
  for %%i in (cl.exe) do @echo CMAKE_CXX_COMPILER=%%~$PATH:i
  :VCEnd
  CMAKE_CXX_COMPILER=F:\Visual Studio\VC\Tools\MSVC\14.29.30037\bin\Hostx64\x64\cl.exe
FinalizeBuildStatus:
  正在删除文件“Debug\CompilerIdCXX.tlog\unsuccessfulbuild”。
  正在对“Debug\CompilerIdCXX.tlog\CompilerIdCXX.lastbuildstate”执行 Touch 任务。
已完成生成项目“D:\Coding\CG\Assignment7\Code\build\CMakeFiles\3.22.1\CompilerIdCXX\CompilerIdCXX.vcxproj”(默认目标)的操作。

已成功生成。
    0 个警告
    0 个错误

已用时间 00:00:02.02


Compilation of the CXX compiler identification source "CMakeCXXCompilerId.cpp" produced "CompilerIdCXX.exe"

Compilation of the CXX compiler identification source "CMakeCXXCompilerId.cpp" produced "CompilerIdCXX.vcxproj"

The CXX compiler identification is MSVC, found in "D:/Coding/CG/Assignment7/Code/build/CMakeFiles/3.22.1/CompilerIdCXX/CompilerIdCXX.exe"

Detecting C compiler ABI info compiled with the following output:
Change Dir: D:/Coding/CG/Assignment7/Code/build/CMakeFiles/CMakeTmp

Run Build Command(s):F:/Visual Studio/MSBuild/Current/Bin/MSBuild.exe cmTC_d571f.vcxproj /p:Configuration=Debug /p:Platform=x64 /p:VisualStudioVersion=16.0 /v:m && 用于 .NET Framework 的 Microsoft (R) 生成引擎版本 16.10.2+857e5a733
版权所有(C) Microsoft Corporation。保留所有权利。

  用于 x64 的 Microsoft (R) C/C++ 优化编译器 19.29.30038.1 版
  版权所有(C) Microsoft Corporation。保留所有权利。
  CMakeCCompilerABI.c
  cl /c /Zi /W3 /WX- /diagnostics:column /Od /Ob0 /D _MBCS /D WIN32 /D _WINDOWS /D "CMAKE_INTDIR=\"Debug\"" /Gm- /RTC1 /MDd /GS /fp:precise /Zc:wchar_t /Zc:forScope /Zc:inline /Fo"cmTC_d571f.dir\Debug\\" /Fd"cmTC_d571f.dir\Debug\vc142.pdb" /external:env:EXTERNAL_INCLUDE /external:W3 /Gd /TC /errorReport:queue "F:\CMake\share\cmake-3.22\Modules\CMakeCCompilerABI.c"
  cmTC_d571f.vcxproj -> D:\Coding\CG\Assignment7\Code\build\CMakeFiles\CMakeTmp\Debug\cmTC_d571f.exe



Detecting CXX compiler ABI info compiled with the following output:
Change Dir: D:/Coding/CG/Assignment7/Code/build/CMakeFiles/CMakeTmp

Run Build Command(s):F:/Visual Studio/MSBuild/Current/Bin/MSBuild.exe cmTC_331db.vcxproj /p:Configuration=Debug /p:Platform=x64 /p:VisualStudioVersion=16.0 /v:m && 用于 .NET Framework 的 Microsoft (R) 生成引擎版本 16.10.2+857e5a733
版权所有(C) Microsoft Corporation。保留所有权利。

  用于 x64 的 Microsoft (R) C/C++ 优化编译器 19.29.30038.1 版
  版权所有(C) Microsoft Corporation。保留所有权利。
  CMakeCXXCompilerABI.cpp
  cl /c /Zi /W3 /WX- /diagnostics:column /Od /Ob0 /D _MBCS /D WIN32 /D _WINDOWS /D "CMAKE_INTDIR=\"Debug\"" /Gm- /EHsc /RTC1 /MDd /GS /fp:precise /Zc:wchar_t /Zc:forScope /Zc:inline /GR /Fo"cmTC_331db.dir\Debug\\" /Fd"cmTC_331db.dir\Debug\vc142.pdb" /external:env:EXTERNAL_INCLUDE /external:W3 /Gd /TP /errorReport:queue "F:\CMake\share\cmake-3.22\Modules\CMakeCXXCompilerABI.cpp"
  cmTC_331db.vcxproj -> D:\Coding\CG\Assignment7\Code\build\CMakeFiles\CMakeTmp\Debug\cmTC_331db.exe



